have_header: checking for sys/times.h... -------------------- yes

"gcc -o conftest -I/Users/lgoldstein/.rvm/rubies/ruby-2.1.3/include/ruby-2.1.0/x86_64-darwin14.0 -I/Users/lgoldstein/.rvm/rubies/ruby-2.1.3/include/ruby-2.1.0/ruby/backward -I/Users/lgoldstein/.rvm/rubies/ruby-2.1.3/include/ruby-2.1.0 -I. -D_XOPEN_SOURCE -D_DARWIN_C_SOURCE -D_DARWIN_UNLIMITED_SELECT -D_REENTRANT   -O3 -I/Users/mpapis/.sm/pkg/active/include -fPIC -mmacosx-version-min=10.7 -pipe conftest.c  -L. -L/Users/lgoldstein/.rvm/rubies/ruby-2.1.3/lib -L. -L/Users/mpapis/.sm/pkg/active/lib -fPIC -Bstatic -fstack-protector   -arch x86_64   -lruby-static -framework CoreFoundation  -lpthread -ldl -lobjc "
ld: warning: directory not found for option '-L/Users/mpapis/.sm/pkg/active/lib'
checked program was:
/* begin */
1: #include "ruby.h"
2: 
3: int main(int argc, char **argv)
4: {
5:   return 0;
6: }
/* end */

"gcc -E -I/Users/lgoldstein/.rvm/rubies/ruby-2.1.3/include/ruby-2.1.0/x86_64-darwin14.0 -I/Users/lgoldstein/.rvm/rubies/ruby-2.1.3/include/ruby-2.1.0/ruby/backward -I/Users/lgoldstein/.rvm/rubies/ruby-2.1.3/include/ruby-2.1.0 -I. -D_XOPEN_SOURCE -D_DARWIN_C_SOURCE -D_DARWIN_UNLIMITED_SELECT -D_REENTRANT   -O3 -I/Users/mpapis/.sm/pkg/active/include -fPIC -mmacosx-version-min=10.7 -pipe  conftest.c -o conftest.i"
checked program was:
/* begin */
1: #include "ruby.h"
2: 
3: #include <sys/times.h>
/* end */

--------------------

have_func: checking for rb_os_allocated_objects()... -------------------- no

"gcc -o conftest -I/Users/lgoldstein/.rvm/rubies/ruby-2.1.3/include/ruby-2.1.0/x86_64-darwin14.0 -I/Users/lgoldstein/.rvm/rubies/ruby-2.1.3/include/ruby-2.1.0/ruby/backward -I/Users/lgoldstein/.rvm/rubies/ruby-2.1.3/include/ruby-2.1.0 -I. -D_XOPEN_SOURCE -D_DARWIN_C_SOURCE -D_DARWIN_UNLIMITED_SELECT -D_REENTRANT   -O3 -I/Users/mpapis/.sm/pkg/active/include -fPIC -mmacosx-version-min=10.7 -pipe conftest.c  -L. -L/Users/lgoldstein/.rvm/rubies/ruby-2.1.3/lib -L. -L/Users/mpapis/.sm/pkg/active/lib -fPIC -Bstatic -fstack-protector   -arch x86_64   -lruby-static -framework CoreFoundation  -lpthread -ldl -lobjc "
conftest.c:13:57: error: use of undeclared identifier 'rb_os_allocated_objects'
int t(void) { void ((*volatile p)()); p = (void ((*)()))rb_os_allocated_objects; return 0; }
                                                        ^
1 error generated.
checked program was:
/* begin */
 1: #include "ruby.h"
 2: 
 3: /*top*/
 4: extern int t(void);
 5: int main(int argc, char **argv)
 6: {
 7:   if (argc > 1000000) {
 8:     printf("%p", &t);
 9:   }
10: 
11:   return 0;
12: }
13: int t(void) { void ((*volatile p)()); p = (void ((*)()))rb_os_allocated_objects; return 0; }
/* end */

"gcc -o conftest -I/Users/lgoldstein/.rvm/rubies/ruby-2.1.3/include/ruby-2.1.0/x86_64-darwin14.0 -I/Users/lgoldstein/.rvm/rubies/ruby-2.1.3/include/ruby-2.1.0/ruby/backward -I/Users/lgoldstein/.rvm/rubies/ruby-2.1.3/include/ruby-2.1.0 -I. -D_XOPEN_SOURCE -D_DARWIN_C_SOURCE -D_DARWIN_UNLIMITED_SELECT -D_REENTRANT   -O3 -I/Users/mpapis/.sm/pkg/active/include -fPIC -mmacosx-version-min=10.7 -pipe conftest.c  -L. -L/Users/lgoldstein/.rvm/rubies/ruby-2.1.3/lib -L. -L/Users/mpapis/.sm/pkg/active/lib -fPIC -Bstatic -fstack-protector   -arch x86_64   -lruby-static -framework CoreFoundation  -lpthread -ldl -lobjc "
conftest.c:13:15: warning: implicit declaration of function 'rb_os_allocated_objects' is invalid in C99 [-Wimplicit-function-declaration]
int t(void) { rb_os_allocated_objects(); return 0; }
              ^
1 warning generated.
ld: warning: directory not found for option '-L/Users/mpapis/.sm/pkg/active/lib'
Undefined symbols for architecture x86_64:
  "_rb_os_allocated_objects", referenced from:
      _t in conftest-0fa3ca.o
ld: symbol(s) not found for architecture x86_64
clang: error: linker command failed with exit code 1 (use -v to see invocation)
checked program was:
/* begin */
 1: #include "ruby.h"
 2: 
 3: /*top*/
 4: extern int t(void);
 5: int main(int argc, char **argv)
 6: {
 7:   if (argc > 1000000) {
 8:     printf("%p", &t);
 9:   }
10: 
11:   return 0;
12: }
13: int t(void) { rb_os_allocated_objects(); return 0; }
/* end */

--------------------

have_func: checking for rb_gc_allocated_size()... -------------------- no

"gcc -o conftest -I/Users/lgoldstein/.rvm/rubies/ruby-2.1.3/include/ruby-2.1.0/x86_64-darwin14.0 -I/Users/lgoldstein/.rvm/rubies/ruby-2.1.3/include/ruby-2.1.0/ruby/backward -I/Users/lgoldstein/.rvm/rubies/ruby-2.1.3/include/ruby-2.1.0 -I. -D_XOPEN_SOURCE -D_DARWIN_C_SOURCE -D_DARWIN_UNLIMITED_SELECT -D_REENTRANT   -O3 -I/Users/mpapis/.sm/pkg/active/include -fPIC -mmacosx-version-min=10.7 -pipe conftest.c  -L. -L/Users/lgoldstein/.rvm/rubies/ruby-2.1.3/lib -L. -L/Users/mpapis/.sm/pkg/active/lib -fPIC -Bstatic -fstack-protector   -arch x86_64   -lruby-static -framework CoreFoundation  -lpthread -ldl -lobjc "
conftest.c:13:57: error: use of undeclared identifier 'rb_gc_allocated_size'
int t(void) { void ((*volatile p)()); p = (void ((*)()))rb_gc_allocated_size; return 0; }
                                                        ^
1 error generated.
checked program was:
/* begin */
 1: #include "ruby.h"
 2: 
 3: /*top*/
 4: extern int t(void);
 5: int main(int argc, char **argv)
 6: {
 7:   if (argc > 1000000) {
 8:     printf("%p", &t);
 9:   }
10: 
11:   return 0;
12: }
13: int t(void) { void ((*volatile p)()); p = (void ((*)()))rb_gc_allocated_size; return 0; }
/* end */

"gcc -o conftest -I/Users/lgoldstein/.rvm/rubies/ruby-2.1.3/include/ruby-2.1.0/x86_64-darwin14.0 -I/Users/lgoldstein/.rvm/rubies/ruby-2.1.3/include/ruby-2.1.0/ruby/backward -I/Users/lgoldstein/.rvm/rubies/ruby-2.1.3/include/ruby-2.1.0 -I. -D_XOPEN_SOURCE -D_DARWIN_C_SOURCE -D_DARWIN_UNLIMITED_SELECT -D_REENTRANT   -O3 -I/Users/mpapis/.sm/pkg/active/include -fPIC -mmacosx-version-min=10.7 -pipe conftest.c  -L. -L/Users/lgoldstein/.rvm/rubies/ruby-2.1.3/lib -L. -L/Users/mpapis/.sm/pkg/active/lib -fPIC -Bstatic -fstack-protector   -arch x86_64   -lruby-static -framework CoreFoundation  -lpthread -ldl -lobjc "
conftest.c:13:15: warning: implicit declaration of function 'rb_gc_allocated_size' is invalid in C99 [-Wimplicit-function-declaration]
int t(void) { rb_gc_allocated_size(); return 0; }
              ^
1 warning generated.
ld: warning: directory not found for option '-L/Users/mpapis/.sm/pkg/active/lib'
Undefined symbols for architecture x86_64:
  "_rb_gc_allocated_size", referenced from:
      _t in conftest-602dce.o
ld: symbol(s) not found for architecture x86_64
clang: error: linker command failed with exit code 1 (use -v to see invocation)
checked program was:
/* begin */
 1: #include "ruby.h"
 2: 
 3: /*top*/
 4: extern int t(void);
 5: int main(int argc, char **argv)
 6: {
 7:   if (argc > 1000000) {
 8:     printf("%p", &t);
 9:   }
10: 
11:   return 0;
12: }
13: int t(void) { rb_gc_allocated_size(); return 0; }
/* end */

--------------------

have_func: checking for rb_gc_collections()... -------------------- no

"gcc -o conftest -I/Users/lgoldstein/.rvm/rubies/ruby-2.1.3/include/ruby-2.1.0/x86_64-darwin14.0 -I/Users/lgoldstein/.rvm/rubies/ruby-2.1.3/include/ruby-2.1.0/ruby/backward -I/Users/lgoldstein/.rvm/rubies/ruby-2.1.3/include/ruby-2.1.0 -I. -D_XOPEN_SOURCE -D_DARWIN_C_SOURCE -D_DARWIN_UNLIMITED_SELECT -D_REENTRANT   -O3 -I/Users/mpapis/.sm/pkg/active/include -fPIC -mmacosx-version-min=10.7 -pipe conftest.c  -L. -L/Users/lgoldstein/.rvm/rubies/ruby-2.1.3/lib -L. -L/Users/mpapis/.sm/pkg/active/lib -fPIC -Bstatic -fstack-protector   -arch x86_64   -lruby-static -framework CoreFoundation  -lpthread -ldl -lobjc "
conftest.c:13:57: error: use of undeclared identifier 'rb_gc_collections'
int t(void) { void ((*volatile p)()); p = (void ((*)()))rb_gc_collections; return 0; }
                                                        ^
1 error generated.
checked program was:
/* begin */
 1: #include "ruby.h"
 2: 
 3: /*top*/
 4: extern int t(void);
 5: int main(int argc, char **argv)
 6: {
 7:   if (argc > 1000000) {
 8:     printf("%p", &t);
 9:   }
10: 
11:   return 0;
12: }
13: int t(void) { void ((*volatile p)()); p = (void ((*)()))rb_gc_collections; return 0; }
/* end */

"gcc -o conftest -I/Users/lgoldstein/.rvm/rubies/ruby-2.1.3/include/ruby-2.1.0/x86_64-darwin14.0 -I/Users/lgoldstein/.rvm/rubies/ruby-2.1.3/include/ruby-2.1.0/ruby/backward -I/Users/lgoldstein/.rvm/rubies/ruby-2.1.3/include/ruby-2.1.0 -I. -D_XOPEN_SOURCE -D_DARWIN_C_SOURCE -D_DARWIN_UNLIMITED_SELECT -D_REENTRANT   -O3 -I/Users/mpapis/.sm/pkg/active/include -fPIC -mmacosx-version-min=10.7 -pipe conftest.c  -L. -L/Users/lgoldstein/.rvm/rubies/ruby-2.1.3/lib -L. -L/Users/mpapis/.sm/pkg/active/lib -fPIC -Bstatic -fstack-protector   -arch x86_64   -lruby-static -framework CoreFoundation  -lpthread -ldl -lobjc "
conftest.c:13:15: warning: implicit declaration of function 'rb_gc_collections' is invalid in C99 [-Wimplicit-function-declaration]
int t(void) { rb_gc_collections(); return 0; }
              ^
1 warning generated.
ld: warning: directory not found for option '-L/Users/mpapis/.sm/pkg/active/lib'
Undefined symbols for architecture x86_64:
  "_rb_gc_collections", referenced from:
      _t in conftest-090937.o
ld: symbol(s) not found for architecture x86_64
clang: error: linker command failed with exit code 1 (use -v to see invocation)
checked program was:
/* begin */
 1: #include "ruby.h"
 2: 
 3: /*top*/
 4: extern int t(void);
 5: int main(int argc, char **argv)
 6: {
 7:   if (argc > 1000000) {
 8:     printf("%p", &t);
 9:   }
10: 
11:   return 0;
12: }
13: int t(void) { rb_gc_collections(); return 0; }
/* end */

--------------------

have_func: checking for rb_gc_time()... -------------------- no

"gcc -o conftest -I/Users/lgoldstein/.rvm/rubies/ruby-2.1.3/include/ruby-2.1.0/x86_64-darwin14.0 -I/Users/lgoldstein/.rvm/rubies/ruby-2.1.3/include/ruby-2.1.0/ruby/backward -I/Users/lgoldstein/.rvm/rubies/ruby-2.1.3/include/ruby-2.1.0 -I. -D_XOPEN_SOURCE -D_DARWIN_C_SOURCE -D_DARWIN_UNLIMITED_SELECT -D_REENTRANT   -O3 -I/Users/mpapis/.sm/pkg/active/include -fPIC -mmacosx-version-min=10.7 -pipe conftest.c  -L. -L/Users/lgoldstein/.rvm/rubies/ruby-2.1.3/lib -L. -L/Users/mpapis/.sm/pkg/active/lib -fPIC -Bstatic -fstack-protector   -arch x86_64   -lruby-static -framework CoreFoundation  -lpthread -ldl -lobjc "
conftest.c:13:57: error: use of undeclared identifier 'rb_gc_time'
int t(void) { void ((*volatile p)()); p = (void ((*)()))rb_gc_time; return 0; }
                                                        ^
1 error generated.
checked program was:
/* begin */
 1: #include "ruby.h"
 2: 
 3: /*top*/
 4: extern int t(void);
 5: int main(int argc, char **argv)
 6: {
 7:   if (argc > 1000000) {
 8:     printf("%p", &t);
 9:   }
10: 
11:   return 0;
12: }
13: int t(void) { void ((*volatile p)()); p = (void ((*)()))rb_gc_time; return 0; }
/* end */

"gcc -o conftest -I/Users/lgoldstein/.rvm/rubies/ruby-2.1.3/include/ruby-2.1.0/x86_64-darwin14.0 -I/Users/lgoldstein/.rvm/rubies/ruby-2.1.3/include/ruby-2.1.0/ruby/backward -I/Users/lgoldstein/.rvm/rubies/ruby-2.1.3/include/ruby-2.1.0 -I. -D_XOPEN_SOURCE -D_DARWIN_C_SOURCE -D_DARWIN_UNLIMITED_SELECT -D_REENTRANT   -O3 -I/Users/mpapis/.sm/pkg/active/include -fPIC -mmacosx-version-min=10.7 -pipe conftest.c  -L. -L/Users/lgoldstein/.rvm/rubies/ruby-2.1.3/lib -L. -L/Users/mpapis/.sm/pkg/active/lib -fPIC -Bstatic -fstack-protector   -arch x86_64   -lruby-static -framework CoreFoundation  -lpthread -ldl -lobjc "
conftest.c:13:15: warning: implicit declaration of function 'rb_gc_time' is invalid in C99 [-Wimplicit-function-declaration]
int t(void) { rb_gc_time(); return 0; }
              ^
1 warning generated.
ld: warning: directory not found for option '-L/Users/mpapis/.sm/pkg/active/lib'
Undefined symbols for architecture x86_64:
  "_rb_gc_time", referenced from:
      _t in conftest-f6f314.o
ld: symbol(s) not found for architecture x86_64
clang: error: linker command failed with exit code 1 (use -v to see invocation)
checked program was:
/* begin */
 1: #include "ruby.h"
 2: 
 3: /*top*/
 4: extern int t(void);
 5: int main(int argc, char **argv)
 6: {
 7:   if (argc > 1000000) {
 8:     printf("%p", &t);
 9:   }
10: 
11:   return 0;
12: }
13: int t(void) { rb_gc_time(); return 0; }
/* end */

--------------------

have_func: checking for rb_class_superclass()... -------------------- yes

"gcc -o conftest -I/Users/lgoldstein/.rvm/rubies/ruby-2.1.3/include/ruby-2.1.0/x86_64-darwin14.0 -I/Users/lgoldstein/.rvm/rubies/ruby-2.1.3/include/ruby-2.1.0/ruby/backward -I/Users/lgoldstein/.rvm/rubies/ruby-2.1.3/include/ruby-2.1.0 -I. -D_XOPEN_SOURCE -D_DARWIN_C_SOURCE -D_DARWIN_UNLIMITED_SELECT -D_REENTRANT   -O3 -I/Users/mpapis/.sm/pkg/active/include -fPIC -mmacosx-version-min=10.7 -pipe conftest.c  -L. -L/Users/lgoldstein/.rvm/rubies/ruby-2.1.3/lib -L. -L/Users/mpapis/.sm/pkg/active/lib -fPIC -Bstatic -fstack-protector   -arch x86_64   -lruby-static -framework CoreFoundation  -lpthread -ldl -lobjc "
ld: warning: directory not found for option '-L/Users/mpapis/.sm/pkg/active/lib'
checked program was:
/* begin */
 1: #include "ruby.h"
 2: 
 3: /*top*/
 4: extern int t(void);
 5: int main(int argc, char **argv)
 6: {
 7:   if (argc > 1000000) {
 8:     printf("%p", &t);
 9:   }
10: 
11:   return 0;
12: }
13: int t(void) { void ((*volatile p)()); p = (void ((*)()))rb_class_superclass; return 0; }
/* end */

--------------------

have_func: checking for rb_heap_total_mem()... -------------------- no

"gcc -o conftest -I/Users/lgoldstein/.rvm/rubies/ruby-2.1.3/include/ruby-2.1.0/x86_64-darwin14.0 -I/Users/lgoldstein/.rvm/rubies/ruby-2.1.3/include/ruby-2.1.0/ruby/backward -I/Users/lgoldstein/.rvm/rubies/ruby-2.1.3/include/ruby-2.1.0 -I. -D_XOPEN_SOURCE -D_DARWIN_C_SOURCE -D_DARWIN_UNLIMITED_SELECT -D_REENTRANT   -O3 -I/Users/mpapis/.sm/pkg/active/include -fPIC -mmacosx-version-min=10.7 -pipe conftest.c  -L. -L/Users/lgoldstein/.rvm/rubies/ruby-2.1.3/lib -L. -L/Users/mpapis/.sm/pkg/active/lib -fPIC -Bstatic -fstack-protector   -arch x86_64   -lruby-static -framework CoreFoundation  -lpthread -ldl -lobjc "
conftest.c:13:57: error: use of undeclared identifier 'rb_heap_total_mem'
int t(void) { void ((*volatile p)()); p = (void ((*)()))rb_heap_total_mem; return 0; }
                                                        ^
1 error generated.
checked program was:
/* begin */
 1: #include "ruby.h"
 2: 
 3: /*top*/
 4: extern int t(void);
 5: int main(int argc, char **argv)
 6: {
 7:   if (argc > 1000000) {
 8:     printf("%p", &t);
 9:   }
10: 
11:   return 0;
12: }
13: int t(void) { void ((*volatile p)()); p = (void ((*)()))rb_heap_total_mem; return 0; }
/* end */

"gcc -o conftest -I/Users/lgoldstein/.rvm/rubies/ruby-2.1.3/include/ruby-2.1.0/x86_64-darwin14.0 -I/Users/lgoldstein/.rvm/rubies/ruby-2.1.3/include/ruby-2.1.0/ruby/backward -I/Users/lgoldstein/.rvm/rubies/ruby-2.1.3/include/ruby-2.1.0 -I. -D_XOPEN_SOURCE -D_DARWIN_C_SOURCE -D_DARWIN_UNLIMITED_SELECT -D_REENTRANT   -O3 -I/Users/mpapis/.sm/pkg/active/include -fPIC -mmacosx-version-min=10.7 -pipe conftest.c  -L. -L/Users/lgoldstein/.rvm/rubies/ruby-2.1.3/lib -L. -L/Users/mpapis/.sm/pkg/active/lib -fPIC -Bstatic -fstack-protector   -arch x86_64   -lruby-static -framework CoreFoundation  -lpthread -ldl -lobjc "
conftest.c:13:15: warning: implicit declaration of function 'rb_heap_total_mem' is invalid in C99 [-Wimplicit-function-declaration]
int t(void) { rb_heap_total_mem(); return 0; }
              ^
1 warning generated.
ld: warning: directory not found for option '-L/Users/mpapis/.sm/pkg/active/lib'
Undefined symbols for architecture x86_64:
  "_rb_heap_total_mem", referenced from:
      _t in conftest-a25e13.o
ld: symbol(s) not found for architecture x86_64
clang: error: linker command failed with exit code 1 (use -v to see invocation)
checked program was:
/* begin */
 1: #include "ruby.h"
 2: 
 3: /*top*/
 4: extern int t(void);
 5: int main(int argc, char **argv)
 6: {
 7:   if (argc > 1000000) {
 8:     printf("%p", &t);
 9:   }
10: 
11:   return 0;
12: }
13: int t(void) { rb_heap_total_mem(); return 0; }
/* end */

--------------------

have_func: checking for rb_gc_heap_info()... -------------------- no

"gcc -o conftest -I/Users/lgoldstein/.rvm/rubies/ruby-2.1.3/include/ruby-2.1.0/x86_64-darwin14.0 -I/Users/lgoldstein/.rvm/rubies/ruby-2.1.3/include/ruby-2.1.0/ruby/backward -I/Users/lgoldstein/.rvm/rubies/ruby-2.1.3/include/ruby-2.1.0 -I. -D_XOPEN_SOURCE -D_DARWIN_C_SOURCE -D_DARWIN_UNLIMITED_SELECT -D_REENTRANT   -O3 -I/Users/mpapis/.sm/pkg/active/include -fPIC -mmacosx-version-min=10.7 -pipe conftest.c  -L. -L/Users/lgoldstein/.rvm/rubies/ruby-2.1.3/lib -L. -L/Users/mpapis/.sm/pkg/active/lib -fPIC -Bstatic -fstack-protector   -arch x86_64   -lruby-static -framework CoreFoundation  -lpthread -ldl -lobjc "
conftest.c:13:57: error: use of undeclared identifier 'rb_gc_heap_info'
int t(void) { void ((*volatile p)()); p = (void ((*)()))rb_gc_heap_info; return 0; }
                                                        ^
1 error generated.
checked program was:
/* begin */
 1: #include "ruby.h"
 2: 
 3: /*top*/
 4: extern int t(void);
 5: int main(int argc, char **argv)
 6: {
 7:   if (argc > 1000000) {
 8:     printf("%p", &t);
 9:   }
10: 
11:   return 0;
12: }
13: int t(void) { void ((*volatile p)()); p = (void ((*)()))rb_gc_heap_info; return 0; }
/* end */

"gcc -o conftest -I/Users/lgoldstein/.rvm/rubies/ruby-2.1.3/include/ruby-2.1.0/x86_64-darwin14.0 -I/Users/lgoldstein/.rvm/rubies/ruby-2.1.3/include/ruby-2.1.0/ruby/backward -I/Users/lgoldstein/.rvm/rubies/ruby-2.1.3/include/ruby-2.1.0 -I. -D_XOPEN_SOURCE -D_DARWIN_C_SOURCE -D_DARWIN_UNLIMITED_SELECT -D_REENTRANT   -O3 -I/Users/mpapis/.sm/pkg/active/include -fPIC -mmacosx-version-min=10.7 -pipe conftest.c  -L. -L/Users/lgoldstein/.rvm/rubies/ruby-2.1.3/lib -L. -L/Users/mpapis/.sm/pkg/active/lib -fPIC -Bstatic -fstack-protector   -arch x86_64   -lruby-static -framework CoreFoundation  -lpthread -ldl -lobjc "
conftest.c:13:15: warning: implicit declaration of function 'rb_gc_heap_info' is invalid in C99 [-Wimplicit-function-declaration]
int t(void) { rb_gc_heap_info(); return 0; }
              ^
1 warning generated.
ld: warning: directory not found for option '-L/Users/mpapis/.sm/pkg/active/lib'
Undefined symbols for architecture x86_64:
  "_rb_gc_heap_info", referenced from:
      _t in conftest-0962c3.o
ld: symbol(s) not found for architecture x86_64
clang: error: linker command failed with exit code 1 (use -v to see invocation)
checked program was:
/* begin */
 1: #include "ruby.h"
 2: 
 3: /*top*/
 4: extern int t(void);
 5: int main(int argc, char **argv)
 6: {
 7:   if (argc > 1000000) {
 8:     printf("%p", &t);
 9:   }
10: 
11:   return 0;
12: }
13: int t(void) { rb_gc_heap_info(); return 0; }
/* end */

--------------------

